<?xml version="1.0" encoding="utf-8"?><testsuite errors="0" failures="0" name="pytest" skips="0" tests="3" time="0.238"><testcase classname="test_main" file="test_main.py" line="12" name="test_get_temperature_by_lat_lng[62-16--14.235004--51.92528]" time="0.0019989013671875"></testcase><testcase classname="test_main" file="test_main.py" line="12" name="test_get_temperature_by_lat_lng[70-21--14.26--51.92528]" time="0.003996610641479492"></testcase><testcase classname="test_main" file="test_main.py" line="12" name="test_get_temperature_by_lat_lng[90-32--15.24--49.92528]" time="0.0019800662994384766"></testcase></testsuite>